<?xml version="1.0" encoding="UTF-8"?>
<testng-results ignored="0" total="1" passed="0" failed="1" skipped="0">
  <reporter-output>
  </reporter-output>
  <suite started-at="2024-04-21T23:16:42 EET" name="Default suite" finished-at="2024-04-21T23:16:48 EET" duration-ms="5377">
    <groups>
    </groups>
    <test started-at="2024-04-21T23:16:42 EET" name="Default test" finished-at="2024-04-21T23:16:48 EET" duration-ms="5377">
      <class name="tests.EgyptValidationTest">
        <test-method is-config="true" signature="startWebBrowser()[pri:0, instance:tests.EgyptValidationTest@626abbd0]" started-at="2024-04-21T23:16:36 EET" name="startWebBrowser" finished-at="2024-04-21T23:16:42 EET" duration-ms="6797" status="PASS">
          <reporter-output>
          </reporter-output>
        </test-method> <!-- startWebBrowser -->
        <test-method is-config="true" signature="setUpClass(org.testng.ITestContext)[pri:0, instance:tests.EgyptValidationTest@626abbd0]" started-at="2024-04-21T23:16:42 EET" name="setUpClass" finished-at="2024-04-21T23:16:43 EET" duration-ms="130" status="PASS">
          <params>
            <param index="0">
              <value>
                <![CDATA[org.testng.TestRunner@15fb7a32]]>
              </value>
            </param>
          </params>
          <reporter-output>
          </reporter-output>
        </test-method> <!-- setUpClass -->
        <test-method signature="choseContry()[pri:1, instance:tests.EgyptValidationTest@626abbd0]" started-at="2024-04-21T23:16:43 EET" name="choseContry" finished-at="2024-04-21T23:16:47 EET" duration-ms="4953" status="FAIL">
          <exception class="java.io.FileNotFoundException">
            <message>
              <![CDATA[foo.txt (The system cannot find the file specified)]]>
            </message>
            <full-stacktrace>
              <![CDATA[java.io.FileNotFoundException: foo.txt (The system cannot find the file specified)
at java.base/java.io.FileInputStream.open0(Native Method)
at java.base/java.io.FileInputStream.open(FileInputStream.java:219)
at java.base/java.io.FileInputStream.<init>(FileInputStream.java:158)
at java.base/java.io.FileInputStream.<init>(FileInputStream.java:112)
at java.base/java.io.FileReader.<init>(FileReader.java:60)
at pages.EgyptContry.printTheResult(EgyptContry.java:77)
at tests.EgyptValidationTest.choseContry(EgyptValidationTest.java:24)
at java.base/jdk.internal.reflect.DirectMethodHandleAccessor.invoke(DirectMethodHandleAccessor.java:104)
at java.base/java.lang.reflect.Method.invoke(Method.java:578)
at org.testng.internal.invokers.MethodInvocationHelper.invokeMethod(MethodInvocationHelper.java:139)
at org.testng.internal.invokers.TestInvoker.invokeMethod(TestInvoker.java:664)
at org.testng.internal.invokers.TestInvoker.invokeTestMethod(TestInvoker.java:228)
at org.testng.internal.invokers.MethodRunner.runInSequence(MethodRunner.java:63)
at org.testng.internal.invokers.TestInvoker$MethodInvocationAgent.invoke(TestInvoker.java:961)
at org.testng.internal.invokers.TestInvoker.invokeTestMethods(TestInvoker.java:201)
at org.testng.internal.invokers.TestMethodWorker.invokeTestMethods(TestMethodWorker.java:148)
at org.testng.internal.invokers.TestMethodWorker.run(TestMethodWorker.java:128)
at java.base/java.util.ArrayList.forEach(ArrayList.java:1511)
at org.testng.TestRunner.privateRun(TestRunner.java:819)
at org.testng.TestRunner.run(TestRunner.java:619)
at org.testng.SuiteRunner.runTest(SuiteRunner.java:443)
at org.testng.SuiteRunner.runSequentially(SuiteRunner.java:437)
at org.testng.SuiteRunner.privateRun(SuiteRunner.java:397)
at org.testng.SuiteRunner.run(SuiteRunner.java:336)
at org.testng.SuiteRunnerWorker.runSuite(SuiteRunnerWorker.java:52)
at org.testng.SuiteRunnerWorker.run(SuiteRunnerWorker.java:95)
at org.testng.TestNG.runSuitesSequentially(TestNG.java:1301)
at org.testng.TestNG.runSuitesLocally(TestNG.java:1228)
at org.testng.TestNG.runSuites(TestNG.java:1134)
at org.testng.TestNG.run(TestNG.java:1101)
at org.testng.remote.AbstractRemoteTestNG.run(AbstractRemoteTestNG.java:115)
at org.testng.remote.RemoteTestNG.initAndRun(RemoteTestNG.java:293)
at org.testng.remote.RemoteTestNG.main(RemoteTestNG.java:91)
]]>
            </full-stacktrace>
          </exception> <!-- java.io.FileNotFoundException -->
          <reporter-output>
          </reporter-output>
        </test-method> <!-- choseContry -->
        <test-method is-config="true" signature="screenShotWhenTestFailure(org.testng.ITestResult)[pri:0, instance:tests.EgyptValidationTest@626abbd0]" started-at="2024-04-21T23:16:48 EET" name="screenShotWhenTestFailure" finished-at="2024-04-21T23:16:48 EET" duration-ms="143" status="PASS">
          <params>
            <param index="0">
              <value>
                <![CDATA[[TestResult name=choseContry status=FAILURE method=EgyptValidationTest.choseContry()[pri:1, instance:tests.EgyptValidationTest@626abbd0] output={null}]]]>
              </value>
            </param>
          </params>
          <reporter-output>
          </reporter-output>
        </test-method> <!-- screenShotWhenTestFailure -->
        <test-method is-config="true" signature="tearDownClass()[pri:0, instance:tests.EgyptValidationTest@626abbd0]" started-at="2024-04-21T23:16:48 EET" name="tearDownClass" finished-at="2024-04-21T23:16:48 EET" duration-ms="4" status="PASS">
          <reporter-output>
          </reporter-output>
        </test-method> <!-- tearDownClass -->
        <test-method is-config="true" signature="stopBrowser()[pri:0, instance:tests.EgyptValidationTest@626abbd0]" started-at="2024-04-21T23:16:48 EET" name="stopBrowser" finished-at="2024-04-21T23:16:48 EET" duration-ms="207" status="PASS">
          <reporter-output>
          </reporter-output>
        </test-method> <!-- stopBrowser -->
      </class> <!-- tests.EgyptValidationTest -->
    </test> <!-- Default test -->
  </suite> <!-- Default suite -->
</testng-results>
